<?xml version="1.0" encoding="UTF-8"?>
<testng-results ignored="0" total="1" passed="1" failed="0" skipped="0">
  <reporter-output>
  </reporter-output>
  <suite started-at="2026-03-25T13:44:12 IST" name="Default suite" finished-at="2026-03-25T13:44:16 IST" duration-ms="4298">
    <groups>
    </groups>
    <test started-at="2026-03-25T13:44:12 IST" name="Default test" finished-at="2026-03-25T13:44:16 IST" duration-ms="4298">
      <class name="demo_DDT_prac.CaptureScreenShots">
        <test-method signature="screenShot()[pri:0, instance:demo_DDT_prac.CaptureScreenShots@18078bef]" started-at="2026-03-25T13:44:12 IST" name="screenShot" finished-at="2026-03-25T13:44:16 IST" duration-ms="4229" status="PASS">
          <reporter-output>
          </reporter-output>
        </test-method> <!-- screenShot -->
      </class> <!-- demo_DDT_prac.CaptureScreenShots -->
    </test> <!-- Default test -->
  </suite> <!-- Default suite -->
</testng-results>
