<?xml version="1.0" encoding="UTF-8"?>
<!-- Generated by org.testng.reporters.JUnitReportReporter -->
<testsuite hostname="DESKTOP-IK0UA2B" failures="0" tests="1" name="orangeHRM_POM_Factory.LoginLogoutPageTest" time="17.794" errors="0" timestamp="2026-03-15T18:40:53 IST" skipped="0">
  <testcase classname="orangeHRM_POM_Factory.LoginLogoutPageTest" name="login" time="17.794"/>
  <system-out>
    <![CDATA[--- Executing Suite ---
--- Executing Test ---
--- Executing Class ---
--- Executing Method ---
--- Executing after method ---
--- Executing after Class ---
--- Executing after test ---
--- Executing after suite ---]]>
  </system-out>
</testsuite> <!-- orangeHRM_POM_Factory.LoginLogoutPageTest -->
