<?xml version="1.0" encoding="UTF-8"?>
<!-- Generated by org.testng.reporters.JUnitReportReporter -->
<testsuite hostname="DESKTOP-IK0UA2B" failures="0" tests="3" name="Demo.ReadingDataFromDataProvider" time="0.017" errors="0" timestamp="2026-03-18T10:50:25 IST" skipped="0">
  <testcase classname="Demo.ReadingDataFromDataProvider" name="testtypes" time="0.013"/>
  <testcase classname="Demo.ReadingDataFromDataProvider" name="testtypes" time="0.002"/>
  <testcase classname="Demo.ReadingDataFromDataProvider" name="testtypes" time="0.002"/>
</testsuite> <!-- Demo.ReadingDataFromDataProvider -->
