<?xml version="1.0" encoding="UTF-8"?>
<!-- Generated by org.testng.reporters.JUnitReportReporter -->
<testsuite hostname="DESKTOP-IK0UA2B" failures="0" tests="5" name="demo_DDT_prac.ReadingDataFromDataProvider" time="0.022" errors="0" timestamp="2026-03-24T13:13:24 IST" skipped="0">
  <testcase classname="demo_DDT_prac.ReadingDataFromDataProvider" name="testexcel" time="0.002"/>
  <testcase classname="demo_DDT_prac.ReadingDataFromDataProvider" name="testexcel" time="0.015"/>
  <testcase classname="demo_DDT_prac.ReadingDataFromDataProvider" name="testexcel" time="0.002"/>
  <testcase classname="demo_DDT_prac.ReadingDataFromDataProvider" name="testexcel" time="0.001"/>
  <testcase classname="demo_DDT_prac.ReadingDataFromDataProvider" name="testexcel" time="0.002"/>
</testsuite> <!-- demo_DDT_prac.ReadingDataFromDataProvider -->
