<?xml version="1.0" encoding="UTF-8"?>
<!-- Generated by org.testng.reporters.JUnitReportReporter -->
<testsuite hostname="DESKTOP-IK0UA2B" failures="0" tests="1" name="orangeHRMCompleteScenario.LoginTest" time="32.542" errors="0" timestamp="2026-03-16T14:25:04 IST" skipped="0">
  <testcase classname="orangeHRMCompleteScenario.LoginTest" name="addNewEmployee" time="32.542"/>
  <system-out>
    <![CDATA[--- Executing Suite ---
--- Executing Test ---
--- Executing Class ---
--- Executing Method ---
--- Executing after method ---
--- Executing after Class ---
--- Executing after test ---
--- Executing after suite ---]]>
  </system-out>
</testsuite> <!-- orangeHRMCompleteScenario.LoginTest -->
