<?xml version="1.0" encoding="UTF-8"?>
<!-- Generated by org.testng.reporters.JUnitReportReporter -->
<testsuite hostname="DESKTOP-IK0UA2B" failures="0" tests="1" name="orangeHRM_RECRUITMENT_Module.CreateVacencyTest" time="27.614" errors="0" timestamp="2026-03-25T08:17:10 IST" skipped="0">
  <testcase classname="orangeHRM_RECRUITMENT_Module.CreateVacencyTest" name="createVacancy" time="27.614"/>
  <system-out>
    <![CDATA[--- Executing Suite ---
--- Executing Test ---
--- Executing Class ---
--- Executing Method ---
[INFO]    Logged in Successfully
--- Executing after method ---
[INFO]    Logged Out Successfully
--- Executing after Class ---
[INFO]    QUITTED BROWSER
--- Executing after test ---
--- Executing after suite ---]]>
  </system-out>
</testsuite> <!-- orangeHRM_RECRUITMENT_Module.CreateVacencyTest -->
