<?xml version="1.0" encoding="UTF-8"?>
<!-- Generated by org.testng.reporters.JUnitReportReporter -->
<testsuite hostname="DESKTOP-IK0UA2B" failures="0" tests="1" name="orangeHRM_POM_Module.LoginTest" time="19.886" errors="0" timestamp="2026-03-17T09:24:08 IST" skipped="0">
  <testcase classname="orangeHRM_POM_Module.LoginTest" name="addNewEmployee" time="19.886"/>
  <system-out>
    <![CDATA[--- Executing Suite ---
--- Executing Test ---
--- Executing Class ---
--- Executing Method ---
--- Logged in Successfully ---
--- Executing after method ---
--- Logged Out Successfully  ---
--- Executing after Class ---
--- Executing after test ---
--- Executing after suite ---]]>
  </system-out>
</testsuite> <!-- orangeHRM_POM_Module.LoginTest -->
